03:27:05.253116 FacebookCT: check callback failed for the configuration
03:27:05.253212 GitLab: check callback failed for the configuration
03:27:05.253240 ASNLookup: check callback failed for the configuration
03:27:05.253307 Hunter: check callback failed for the configuration
03:27:05.253347 IPdata: check callback failed for the configuration
03:27:05.253369 IPinfo: check callback failed for the configuration
03:27:05.253390 IntelX: check callback failed for the configuration
03:27:05.253442 Netlas: check callback failed for the configuration
03:27:05.253463 ONYPHE: check callback failed for the configuration
03:27:05.253496 PassiveTotal: check callback failed for the configuration
03:27:05.253517 Pastebin: check callback failed for the configuration
03:27:05.253546 PentestTools: check callback failed for the configuration
03:27:05.253569 PublicWWW: check callback failed for the configuration
03:27:05.253600 Quake: check callback failed for the configuration
03:27:05.260141 SOCRadar: check callback failed for the configuration
03:27:05.260241 SecurityTrails: check callback failed for the configuration
03:27:05.260274 Shodan: check callback failed for the configuration
03:27:05.260306 Spamhaus: check callback failed for the configuration
03:27:05.260369 ThreatBook: check callback failed for the configuration
03:27:05.260424 VirusTotal: check callback failed for the configuration
03:27:05.260457 WhoisXMLAPI: check callback failed for the configuration
03:27:05.260488 Yandex: check callback failed for the configuration
03:27:05.260509 ZETAlytics: check callback failed for the configuration
03:27:05.253225 360PassiveDNS: check callback failed for the configuration
03:27:05.253192 GitHub: check callback failed for the configuration
03:27:05.260672 Censys: check callback failed for the configuration
03:27:05.260695 Ahrefs: check callback failed for the configuration
03:27:05.268122 CertCentral: check callback failed for the configuration
03:27:05.268201 Chaos: check callback failed for the configuration
03:27:05.275349 DNSDB: check callback failed for the configuration
03:27:05.275427 DNSRepo: check callback failed for the configuration
03:27:05.275490 DNSlytics: check callback failed for the configuration
03:27:05.275518 Deepinfo: check callback failed for the configuration
03:27:05.275539 Detectify: check callback failed for the configuration
03:27:05.275581 FOFA: check callback failed for the configuration
03:27:05.275595 ZoomEye: check callback failed for the configuration
03:27:05.253122 FullHunt: check callback failed for the configuration
03:27:05.275669 BeVigil: check callback failed for the configuration
03:27:05.275691 BigDataCloud: check callback failed for the configuration
03:27:05.275712 BinaryEdge: check callback failed for the configuration
03:27:05.275734 BuiltWith: check callback failed for the configuration
03:27:05.275802 C99: check callback failed for the configuration
03:27:05.275833 CIRCL: check callback failed for the configuration
03:27:05.276184 BufferOver: check callback failed for the configuration
03:27:05.289830 Querying AnubisDB for hueverasdecarton.com subdomains
03:27:05.289951 Querying Arquivo for hueverasdecarton.com subdomains
03:27:05.289992 Querying Digitorus for hueverasdecarton.com subdomains
03:27:05.290011 Querying Maltiverse for hueverasdecarton.com subdomains
03:27:05.290041 Querying SiteDossier for hueverasdecarton.com subdomains
03:27:05.290060 Querying Bing for hueverasdecarton.com subdomains
03:27:05.290120 Querying CertSpotter for hueverasdecarton.com subdomains
03:27:05.290157 Querying DNSDumpster for hueverasdecarton.com subdomains
03:27:05.290174 Querying DuckDuckGo for hueverasdecarton.com subdomains
03:27:05.290190 Querying Ask for hueverasdecarton.com subdomains
03:27:05.290219 Querying Wayback for hueverasdecarton.com subdomains
03:27:05.290248 Querying HackerOne for hueverasdecarton.com subdomains
03:27:05.290268 Querying HyperStat for hueverasdecarton.com subdomains
03:27:05.290382 Querying SubdomainCenter for hueverasdecarton.com subdomains
03:27:05.290417 Querying Riddler for hueverasdecarton.com subdomains
03:27:05.290448 Querying Baidu for hueverasdecarton.com subdomains
03:27:05.290485 Querying PKey for hueverasdecarton.com subdomains
03:27:05.290513 Querying Pulsedive for hueverasdecarton.com subdomains
03:27:05.290538 Querying LeakIX for hueverasdecarton.com subdomains
03:27:05.290555 Querying Synapsint for hueverasdecarton.com subdomains
03:27:05.290569 Querying Yahoo for hueverasdecarton.com subdomains
03:27:05.290591 Querying AbuseIPDB for hueverasdecarton.com subdomains
03:27:05.291010 Querying HAW for hueverasdecarton.com subdomains
03:27:05.291039 Querying HackerTarget for hueverasdecarton.com subdomains
03:27:05.291171 Querying Active DNS for hueverasdecarton.com subdomains
03:27:05.291188 Querying Searx for hueverasdecarton.com subdomains
03:27:05.291225 Querying DNSHistory for hueverasdecarton.com subdomains
03:27:05.291243 Querying Greynoise for hueverasdecarton.com subdomains
03:27:05.291257 Querying RapidDNS for hueverasdecarton.com subdomains
03:27:05.291334 Querying URLScan for hueverasdecarton.com subdomains
03:27:05.291354 Querying DNS SRV for hueverasdecarton.com subdomains
03:27:05.291384 Querying DNSSpy for hueverasdecarton.com subdomains
03:27:05.291397 Querying Gists for hueverasdecarton.com subdomains
03:27:05.291417 Querying Sublist3rAPI for hueverasdecarton.com subdomains
03:27:05.291424 Querying CommonCrawl for hueverasdecarton.com subdomains
03:27:05.291441 Querying Google for hueverasdecarton.com subdomains
03:27:05.291432 Querying GrepApp for hueverasdecarton.com subdomains
03:27:05.291434 Querying Mnemonic for hueverasdecarton.com subdomains
03:27:05.291472 Querying Active Crawl for hueverasdecarton.com subdomains
03:27:05.291436 Querying Searchcode for hueverasdecarton.com subdomains
03:27:05.291489 Querying Crtsh for hueverasdecarton.com subdomains
03:27:05.291498 Querying UKWebArchive for hueverasdecarton.com subdomains
03:27:05.291438 Querying AlienVault for hueverasdecarton.com subdomains
03:27:05.291468 Querying Brute Forcing for hueverasdecarton.com subdomains
03:27:05.291470 Querying ThreatMiner for hueverasdecarton.com subdomains
03:27:06.421212 AbuseIPDB: get_ip request to service returned with status code: 403 Forbidden
03:27:06.687949 Greynoise: vertical request to service returned with status: 404 Not Found
03:27:07.441118 DNSHistory: vertical request to service returned with status code: 403 Forbidden
03:27:07.883548 Pulsedive: vertical request to service returned with status: 400 Bad Request
03:27:09.147035 Sublist3rAPI: vertical request to service failed: Get "https://api.sublist3r.com/search.php?domain=hueverasdecarton.com": dial tcp 67.227.226.240:443: connect: connection refused
03:27:16.297287 AlienVault: passive_dns request to service failed: Get "https://otx.alienvault.com/api/v1/indicators/domain/hueverasdecarton.com/passive_dns": context deadline exceeded (Client.Timeout exceeded while awaiting headers)
03:27:17.293800 CommonCrawl: scrape: Get "https://index.commoncrawl.org/CC-MAIN-2023-50-index?fl=url&output=json&url=%2A.hueverasdecarton.com": context deadline exceeded (Client.Timeout exceeded while awaiting headers)
03:27:18.292860 UKWebArchive: scrape: Get "https://www.webarchive.org.uk/wayback/archive/cdx?matchType=domain&output=json&url=hueverasdecarton.com": dial tcp 194.66.232.82:443: i/o timeout (Client.Timeout exceeded while awaiting headers)
03:27:20.299560 Google: scrape: Get "https://consent.google.com/ml?continue=https://www.google.com/search%3Fbih%3D%26biw%3D%26btnG%3DSearch%26filter%3D0%26gbv%3D1%26hl%3Den%26q%3Dsite%253A%252A.hueverasdecarton.com%2B-www.%252A%26start%3D0&gl=ES&m=0&pc=srp&uxe=none&cm=2&hl=en&src=1": context deadline exceeded (Client.Timeout exceeded while awaiting headers)
03:27:20.299619 Google: access to search engine is blocked
03:27:21.291173 Ask: scrape: Get "https://www.ask.com/web?l=dir&o=0&page=6&q=site%3Ahueverasdecarton.com+-www.hueverasdecarton.com&qo=pagination": context deadline exceeded (Client.Timeout exceeded while awaiting headers)
03:27:22.454006 BGPView: get_cidr request to service failed: Get "https://api.bgpview.io/ip/64.226.120.137": context deadline exceeded (Client.Timeout exceeded while awaiting headers)
03:27:23.293773 ThreatMiner: vertical request to service failed: Get "https://api.threatminer.org/v2/domain.php?api=True&q=hueverasdecarton.com&rt=5": context deadline exceeded (Client.Timeout exceeded while awaiting headers)
03:27:26.297892 AlienVault: url_list request to service failed: Get "https://otx.alienvault.com/api/v1/indicators/domain/hueverasdecarton.com/url_list": context deadline exceeded (Client.Timeout exceeded while awaiting headers)
03:27:27.295240 CommonCrawl: scrape: Get "https://index.commoncrawl.org/CC-MAIN-2023-40-index?fl=url&output=json&url=%2A.hueverasdecarton.com": context deadline exceeded (Client.Timeout exceeded while awaiting headers)
03:27:28.784526 Bing: scrape: Get "https://www.bing.com/search?first=10&go=Submit&q=domain%3Ahueverasdecarton.com+-www.hueverasdecarton.com": context deadline exceeded (Client.Timeout exceeded while awaiting headers)
03:27:28.993052 Baidu: scrape: Get "https://www.baidu.com/s?oq=site%3Ahueverasdecarton.com+-site%3Awww.hueverasdecarton.com&pn=6&wd=site%3Ahueverasdecarton.com+-site%3Awww.hueverasdecarton.com": context deadline exceeded (Client.Timeout exceeded while awaiting headers)
03:27:29.918889 TeamCymru: failed to resolve the TXT record for 137.120.226.64.origin.asn.cymru.com: the query was unsuccessful for 137.120.226.64.origin.asn.cymru.com
03:27:32.956829 ShadowServer: failed to resolve the A record for asn.shadowserver.org: the query was unsuccessful for asn.shadowserver.org
03:27:32.960232 BGPTools: failed to resolve the whois server address: the query was unsuccessful for bgp.tools
03:27:37.296154 CommonCrawl: scrape: Get "https://index.commoncrawl.org/CC-MAIN-2023-23-index?fl=url&output=json&url=%2A.hueverasdecarton.com": context deadline exceeded (Client.Timeout exceeded while awaiting headers)
03:27:47.297444 CommonCrawl: scrape: Get "https://index.commoncrawl.org/CC-MAIN-2023-14-index?fl=url&output=json&url=%2A.hueverasdecarton.com": context deadline exceeded (Client.Timeout exceeded while awaiting headers)
